1. org.openqa.selenium.InvalidSelectorException: invalid selector: An invalid or illegal selector was specified

2. org.openqa.selenium.NoSuchElementException: no such element: Unable to locate element: {"method":"css selector","selector":"#ertrre"}

3. rg.openqa.selenium.StaleElementReferenceException: stale element reference: stale element not found in the current frame

4. org.openqa.selenium.NoSuchFrameException: No frame element found by name or id frame-left
